{"/data/data/com.termux/files/home/playground/request-wrapper/abstract-api.ts": {"path":"/data/data/com.termux/files/home/playground/request-wrapper/abstract-api.ts","all":false,"statementMap":{"0":{"start":{"line":1,"column":0},"end":{"line":1,"column":61}},"1":{"start":{"line":2,"column":0},"end":{"line":2,"column":50}},"2":{"start":{"line":3,"column":0},"end":{"line":3,"column":0}},"3":{"start":{"line":4,"column":0},"end":{"line":4,"column":38}},"4":{"start":{"line":5,"column":0},"end":{"line":5,"column":28}},"5":{"start":{"line":6,"column":0},"end":{"line":6,"column":99}},"6":{"start":{"line":7,"column":0},"end":{"line":7,"column":20}},"7":{"start":{"line":8,"column":0},"end":{"line":8,"column":42}},"8":{"start":{"line":9,"column":0},"end":{"line":9,"column":5}},"9":{"start":{"line":10,"column":0},"end":{"line":10,"column":2}}},"s":{"0":1,"1":1,"2":1,"3":1,"4":2,"5":2,"6":2,"7":1,"8":2,"9":2},"branchMap":{"0":{"type":"branch","line":4,"loc":{"start":{"line":4,"column":31},"end":{"line":10,"column":2}},"locations":[{"start":{"line":4,"column":31},"end":{"line":10,"column":2}}]},"1":{"type":"branch","line":6,"loc":{"start":{"line":6,"column":4},"end":{"line":6,"column":98}},"locations":[{"start":{"line":6,"column":4},"end":{"line":6,"column":98}}]},"2":{"type":"branch","line":7,"loc":{"start":{"line":7,"column":9},"end":{"line":9,"column":3}},"locations":[{"start":{"line":7,"column":9},"end":{"line":9,"column":3}}]},"3":{"type":"branch","line":8,"loc":{"start":{"line":8,"column":20},"end":{"line":8,"column":40}},"locations":[{"start":{"line":8,"column":20},"end":{"line":8,"column":40}}]}},"b":{"0":[2],"1":[2],"2":[1],"3":[4]},"fnMap":{"0":{"name":"mapResponseData","decl":{"start":{"line":4,"column":31},"end":{"line":10,"column":2}},"loc":{"start":{"line":4,"column":31},"end":{"line":10,"column":2}},"line":4}},"f":{"0":2}}
,"/data/data/com.termux/files/home/playground/request-wrapper/do-request-with-retry.ts": {"path":"/data/data/com.termux/files/home/playground/request-wrapper/do-request-with-retry.ts","all":false,"statementMap":{"0":{"start":{"line":1,"column":0},"end":{"line":1,"column":50}},"1":{"start":{"line":2,"column":0},"end":{"line":2,"column":0}},"2":{"start":{"line":3,"column":0},"end":{"line":3,"column":42}},"3":{"start":{"line":4,"column":0},"end":{"line":4,"column":81}},"4":{"start":{"line":5,"column":0},"end":{"line":5,"column":2}},"5":{"start":{"line":6,"column":0},"end":{"line":6,"column":0}},"6":{"start":{"line":7,"column":0},"end":{"line":7,"column":100}},"7":{"start":{"line":8,"column":0},"end":{"line":8,"column":0}},"8":{"start":{"line":9,"column":0},"end":{"line":9,"column":33}},"9":{"start":{"line":10,"column":0},"end":{"line":10,"column":72}},"10":{"start":{"line":11,"column":0},"end":{"line":11,"column":41}},"11":{"start":{"line":12,"column":0},"end":{"line":12,"column":46}},"12":{"start":{"line":13,"column":0},"end":{"line":13,"column":29}},"13":{"start":{"line":14,"column":0},"end":{"line":14,"column":28}},"14":{"start":{"line":15,"column":0},"end":{"line":15,"column":0}},"15":{"start":{"line":16,"column":0},"end":{"line":16,"column":69}},"16":{"start":{"line":17,"column":0},"end":{"line":17,"column":22}},"17":{"start":{"line":18,"column":0},"end":{"line":18,"column":31}},"18":{"start":{"line":19,"column":0},"end":{"line":19,"column":25}},"19":{"start":{"line":20,"column":0},"end":{"line":20,"column":31}},"20":{"start":{"line":21,"column":0},"end":{"line":21,"column":93}},"21":{"start":{"line":22,"column":0},"end":{"line":22,"column":52}},"22":{"start":{"line":23,"column":0},"end":{"line":23,"column":16}},"23":{"start":{"line":24,"column":0},"end":{"line":24,"column":32}},"24":{"start":{"line":25,"column":0},"end":{"line":25,"column":44}},"25":{"start":{"line":26,"column":0},"end":{"line":26,"column":40}},"26":{"start":{"line":27,"column":0},"end":{"line":27,"column":18}},"27":{"start":{"line":28,"column":0},"end":{"line":28,"column":24}},"28":{"start":{"line":29,"column":0},"end":{"line":29,"column":11}},"29":{"start":{"line":30,"column":0},"end":{"line":30,"column":9}},"30":{"start":{"line":31,"column":0},"end":{"line":31,"column":9}},"31":{"start":{"line":32,"column":0},"end":{"line":32,"column":4}},"32":{"start":{"line":33,"column":0},"end":{"line":33,"column":0}},"33":{"start":{"line":34,"column":0},"end":{"line":34,"column":22}},"34":{"start":{"line":35,"column":0},"end":{"line":35,"column":2}}},"s":{"0":1,"1":1,"2":1,"3":3,"4":3,"5":1,"6":1,"7":1,"8":1,"9":6,"10":6,"11":6,"12":6,"13":6,"14":6,"15":6,"16":12,"17":12,"18":12,"19":9,"20":6,"21":6,"22":9,"23":3,"24":3,"25":3,"26":3,"27":0,"28":0,"29":3,"30":12,"31":6,"32":6,"33":6,"34":6},"branchMap":{"0":{"type":"branch","line":3,"loc":{"start":{"line":3,"column":23},"end":{"line":5,"column":2}},"locations":[{"start":{"line":3,"column":23},"end":{"line":5,"column":2}}]},"1":{"type":"branch","line":4,"loc":{"start":{"line":4,"column":72},"end":{"line":4,"column":79}},"locations":[{"start":{"line":4,"column":72},"end":{"line":4,"column":79}}]},"2":{"type":"branch","line":7,"loc":{"start":{"line":7,"column":14},"end":{"line":7,"column":99}},"locations":[{"start":{"line":7,"column":14},"end":{"line":7,"column":99}}]},"3":{"type":"branch","line":7,"loc":{"start":{"line":7,"column":52},"end":{"line":7,"column":98}},"locations":[{"start":{"line":7,"column":52},"end":{"line":7,"column":98}}]},"4":{"type":"branch","line":10,"loc":{"start":{"line":10,"column":0},"end":{"line":35,"column":2}},"locations":[{"start":{"line":10,"column":0},"end":{"line":35,"column":2}}]},"5":{"type":"branch","line":16,"loc":{"start":{"line":16,"column":21},"end":{"line":32,"column":3}},"locations":[{"start":{"line":16,"column":21},"end":{"line":32,"column":3}}]},"6":{"type":"branch","line":18,"loc":{"start":{"line":18,"column":12},"end":{"line":18,"column":30}},"locations":[{"start":{"line":18,"column":12},"end":{"line":18,"column":30}}]},"7":{"type":"branch","line":19,"loc":{"start":{"line":19,"column":13},"end":{"line":31,"column":7}},"locations":[{"start":{"line":19,"column":13},"end":{"line":31,"column":7}}]},"8":{"type":"branch","line":20,"loc":{"start":{"line":20,"column":30},"end":{"line":23,"column":9}},"locations":[{"start":{"line":20,"column":30},"end":{"line":23,"column":9}}]},"9":{"type":"branch","line":23,"loc":{"start":{"line":23,"column":9},"end":{"line":30,"column":9}},"locations":[{"start":{"line":23,"column":9},"end":{"line":30,"column":9}}]},"10":{"type":"branch","line":27,"loc":{"start":{"line":27,"column":11},"end":{"line":29,"column":11}},"locations":[{"start":{"line":27,"column":11},"end":{"line":29,"column":11}}]}},"b":{"0":[3],"1":[0],"2":[6],"3":[6],"4":[6],"5":[12],"6":[3],"7":[9],"8":[6],"9":[3],"10":[0]},"fnMap":{"0":{"name":"onNetworkError","decl":{"start":{"line":3,"column":23},"end":{"line":5,"column":2}},"loc":{"start":{"line":3,"column":23},"end":{"line":5,"column":2}},"line":3},"1":{"name":"pause","decl":{"start":{"line":7,"column":14},"end":{"line":7,"column":99}},"loc":{"start":{"line":7,"column":14},"end":{"line":7,"column":99}},"line":7},"2":{"name":"doRequestWithRetry","decl":{"start":{"line":10,"column":0},"end":{"line":35,"column":2}},"loc":{"start":{"line":10,"column":0},"end":{"line":35,"column":2}},"line":10},"3":{"name":"tryRequest","decl":{"start":{"line":16,"column":21},"end":{"line":32,"column":3}},"loc":{"start":{"line":16,"column":21},"end":{"line":32,"column":3}},"line":16}},"f":{"0":3,"1":6,"2":6,"3":12}}
,"/data/data/com.termux/files/home/playground/request-wrapper/service-axios.ts": {"path":"/data/data/com.termux/files/home/playground/request-wrapper/service-axios.ts","all":false,"statementMap":{"0":{"start":{"line":1,"column":0},"end":{"line":1,"column":57}},"1":{"start":{"line":2,"column":0},"end":{"line":2,"column":0}},"2":{"start":{"line":3,"column":0},"end":{"line":3,"column":20}},"3":{"start":{"line":4,"column":0},"end":{"line":4,"column":41}},"4":{"start":{"line":5,"column":0},"end":{"line":5,"column":53}},"5":{"start":{"line":6,"column":0},"end":{"line":6,"column":29}},"6":{"start":{"line":7,"column":0},"end":{"line":7,"column":4}},"7":{"start":{"line":8,"column":0},"end":{"line":8,"column":0}},"8":{"start":{"line":9,"column":0},"end":{"line":9,"column":43}},"9":{"start":{"line":10,"column":0},"end":{"line":10,"column":34}},"10":{"start":{"line":11,"column":0},"end":{"line":11,"column":3}},"11":{"start":{"line":12,"column":0},"end":{"line":12,"column":0}},"12":{"start":{"line":13,"column":0},"end":{"line":13,"column":58}},"13":{"start":{"line":14,"column":0},"end":{"line":14,"column":29}},"14":{"start":{"line":15,"column":0},"end":{"line":15,"column":10}},"15":{"start":{"line":16,"column":0},"end":{"line":16,"column":7}},"16":{"start":{"line":17,"column":0},"end":{"line":17,"column":19}},"17":{"start":{"line":18,"column":0},"end":{"line":18,"column":18}},"18":{"start":{"line":19,"column":0},"end":{"line":19,"column":33}},"19":{"start":{"line":20,"column":0},"end":{"line":20,"column":30}},"20":{"start":{"line":21,"column":0},"end":{"line":21,"column":10}},"21":{"start":{"line":22,"column":0},"end":{"line":22,"column":8}},"22":{"start":{"line":23,"column":0},"end":{"line":23,"column":6}},"23":{"start":{"line":24,"column":0},"end":{"line":24,"column":4}},"24":{"start":{"line":25,"column":0},"end":{"line":25,"column":1}},"25":{"start":{"line":26,"column":0},"end":{"line":26,"column":0}},"26":{"start":{"line":27,"column":0},"end":{"line":27,"column":39}},"27":{"start":{"line":28,"column":0},"end":{"line":28,"column":47}},"28":{"start":{"line":29,"column":0},"end":{"line":29,"column":0}},"29":{"start":{"line":30,"column":0},"end":{"line":30,"column":27}},"30":{"start":{"line":31,"column":0},"end":{"line":31,"column":46}},"31":{"start":{"line":32,"column":0},"end":{"line":32,"column":5}},"32":{"start":{"line":33,"column":0},"end":{"line":33,"column":0}},"33":{"start":{"line":34,"column":0},"end":{"line":34,"column":46}},"34":{"start":{"line":35,"column":0},"end":{"line":35,"column":56}},"35":{"start":{"line":36,"column":0},"end":{"line":36,"column":0}},"36":{"start":{"line":37,"column":0},"end":{"line":37,"column":46}},"37":{"start":{"line":38,"column":0},"end":{"line":38,"column":56}}},"s":{"0":1,"1":1,"2":1,"3":1,"4":1,"5":1,"6":1,"7":1,"8":1,"9":2,"10":2,"11":1,"12":1,"13":10,"14":10,"15":10,"16":10,"17":10,"18":10,"19":10,"20":10,"21":10,"22":10,"23":1,"24":1,"25":1,"26":1,"27":2,"28":2,"29":2,"30":2,"31":1,"32":1,"33":1,"34":1,"35":1,"36":1,"37":1},"branchMap":{"0":{"type":"branch","line":9,"loc":{"start":{"line":9,"column":2},"end":{"line":11,"column":3}},"locations":[{"start":{"line":9,"column":2},"end":{"line":11,"column":3}}]},"1":{"type":"branch","line":13,"loc":{"start":{"line":13,"column":34},"end":{"line":24,"column":3}},"locations":[{"start":{"line":13,"column":34},"end":{"line":24,"column":3}}]},"2":{"type":"branch","line":20,"loc":{"start":{"line":20,"column":20},"end":{"line":20,"column":22}},"locations":[{"start":{"line":20,"column":20},"end":{"line":20,"column":22}}]},"3":{"type":"branch","line":27,"loc":{"start":{"line":27,"column":32},"end":{"line":32,"column":2}},"locations":[{"start":{"line":27,"column":32},"end":{"line":32,"column":2}}]},"4":{"type":"branch","line":30,"loc":{"start":{"line":30,"column":9},"end":{"line":31,"column":45}},"locations":[{"start":{"line":30,"column":9},"end":{"line":31,"column":45}}]},"5":{"type":"branch","line":31,"loc":{"start":{"line":31,"column":5},"end":{"line":31,"column":45}},"locations":[{"start":{"line":31,"column":5},"end":{"line":31,"column":45}}]}},"b":{"0":[2],"1":[10],"2":[0],"3":[2],"4":[10],"5":[2]},"fnMap":{"0":{"name":"ServiceAxios","decl":{"start":{"line":9,"column":2},"end":{"line":11,"column":3}},"loc":{"start":{"line":9,"column":2},"end":{"line":11,"column":3}},"line":9},"1":{"name":"ServiceAxios.get","decl":{"start":{"line":13,"column":34},"end":{"line":24,"column":3}},"loc":{"start":{"line":13,"column":34},"end":{"line":24,"column":3}},"line":13}},"f":{"0":2,"1":10}}
,"/data/data/com.termux/files/home/playground/request-wrapper/mocks/handlers.ts": {"path":"/data/data/com.termux/files/home/playground/request-wrapper/mocks/handlers.ts","all":false,"statementMap":{"0":{"start":{"line":1,"column":0},"end":{"line":1,"column":41}},"1":{"start":{"line":2,"column":0},"end":{"line":2,"column":46}},"2":{"start":{"line":3,"column":0},"end":{"line":3,"column":0}},"3":{"start":{"line":4,"column":0},"end":{"line":4,"column":25}},"4":{"start":{"line":5,"column":0},"end":{"line":5,"column":64}},"5":{"start":{"line":6,"column":0},"end":{"line":6,"column":29}},"6":{"start":{"line":7,"column":0},"end":{"line":7,"column":20}},"7":{"start":{"line":8,"column":0},"end":{"line":8,"column":22}},"8":{"start":{"line":9,"column":0},"end":{"line":9,"column":6}},"9":{"start":{"line":10,"column":0},"end":{"line":10,"column":5}},"10":{"start":{"line":11,"column":0},"end":{"line":11,"column":2}}},"s":{"0":1,"1":1,"2":1,"3":1,"4":1,"5":2,"6":2,"7":2,"8":2,"9":1,"10":1},"branchMap":{"0":{"type":"branch","line":5,"loc":{"start":{"line":5,"column":57},"end":{"line":10,"column":3}},"locations":[{"start":{"line":5,"column":57},"end":{"line":10,"column":3}}]}},"b":{"0":[2]},"fnMap":{},"f":{}}
,"/data/data/com.termux/files/home/playground/request-wrapper/mocks/happy-path-data.ts": {"path":"/data/data/com.termux/files/home/playground/request-wrapper/mocks/happy-path-data.ts","all":false,"statementMap":{"0":{"start":{"line":1,"column":0},"end":{"line":1,"column":16}},"1":{"start":{"line":2,"column":0},"end":{"line":2,"column":3}},"2":{"start":{"line":3,"column":0},"end":{"line":3,"column":16}},"3":{"start":{"line":4,"column":0},"end":{"line":4,"column":12}},"4":{"start":{"line":5,"column":0},"end":{"line":5,"column":34}},"5":{"start":{"line":6,"column":0},"end":{"line":6,"column":23}},"6":{"start":{"line":7,"column":0},"end":{"line":7,"column":4}},"7":{"start":{"line":8,"column":0},"end":{"line":8,"column":3}},"8":{"start":{"line":9,"column":0},"end":{"line":9,"column":16}},"9":{"start":{"line":10,"column":0},"end":{"line":10,"column":12}},"10":{"start":{"line":11,"column":0},"end":{"line":11,"column":50}},"11":{"start":{"line":12,"column":0},"end":{"line":12,"column":23}},"12":{"start":{"line":13,"column":0},"end":{"line":13,"column":4}},"13":{"start":{"line":14,"column":0},"end":{"line":14,"column":3}},"14":{"start":{"line":15,"column":0},"end":{"line":15,"column":16}},"15":{"start":{"line":16,"column":0},"end":{"line":16,"column":12}},"16":{"start":{"line":17,"column":0},"end":{"line":17,"column":35}},"17":{"start":{"line":18,"column":0},"end":{"line":18,"column":23}},"18":{"start":{"line":19,"column":0},"end":{"line":19,"column":4}},"19":{"start":{"line":20,"column":0},"end":{"line":20,"column":3}},"20":{"start":{"line":21,"column":0},"end":{"line":21,"column":16}},"21":{"start":{"line":22,"column":0},"end":{"line":22,"column":12}},"22":{"start":{"line":23,"column":0},"end":{"line":23,"column":32}},"23":{"start":{"line":24,"column":0},"end":{"line":24,"column":22}},"24":{"start":{"line":25,"column":0},"end":{"line":25,"column":4}},"25":{"start":{"line":26,"column":0},"end":{"line":26,"column":2}}},"s":{"0":1,"1":1,"2":1,"3":1,"4":1,"5":1,"6":1,"7":1,"8":1,"9":1,"10":1,"11":1,"12":1,"13":1,"14":1,"15":1,"16":1,"17":1,"18":1,"19":1,"20":1,"21":1,"22":1,"23":1,"24":1,"25":1},"branchMap":{},"b":{},"fnMap":{},"f":{}}
,"/data/data/com.termux/files/home/playground/request-wrapper/mocks/node.ts": {"path":"/data/data/com.termux/files/home/playground/request-wrapper/mocks/node.ts","all":false,"statementMap":{"0":{"start":{"line":1,"column":0},"end":{"line":1,"column":39}},"1":{"start":{"line":2,"column":0},"end":{"line":2,"column":38}},"2":{"start":{"line":3,"column":0},"end":{"line":3,"column":0}},"3":{"start":{"line":4,"column":0},"end":{"line":4,"column":47}}},"s":{"0":1,"1":1,"2":1,"3":1},"branchMap":{},"b":{},"fnMap":{},"f":{}}
}
