{"/Users/grzegorz/Documents/Code/playground/request-wrapper/abstract-api.ts": {"path":"/Users/grzegorz/Documents/Code/playground/request-wrapper/abstract-api.ts","all":false,"statementMap":{"0":{"start":{"line":1,"column":0},"end":{"line":1,"column":61}},"1":{"start":{"line":2,"column":0},"end":{"line":2,"column":50}},"2":{"start":{"line":3,"column":0},"end":{"line":3,"column":0}},"3":{"start":{"line":4,"column":0},"end":{"line":4,"column":38}},"4":{"start":{"line":5,"column":0},"end":{"line":5,"column":28}},"5":{"start":{"line":6,"column":0},"end":{"line":6,"column":99}},"6":{"start":{"line":7,"column":0},"end":{"line":7,"column":20}},"7":{"start":{"line":8,"column":0},"end":{"line":8,"column":42}},"8":{"start":{"line":9,"column":0},"end":{"line":9,"column":5}},"9":{"start":{"line":10,"column":0},"end":{"line":10,"column":2}}},"s":{"0":1,"1":1,"2":1,"3":1,"4":2,"5":2,"6":2,"7":1,"8":2,"9":2},"branchMap":{"0":{"type":"branch","line":4,"loc":{"start":{"line":4,"column":31},"end":{"line":10,"column":2}},"locations":[{"start":{"line":4,"column":31},"end":{"line":10,"column":2}}]},"1":{"type":"branch","line":6,"loc":{"start":{"line":6,"column":4},"end":{"line":6,"column":98}},"locations":[{"start":{"line":6,"column":4},"end":{"line":6,"column":98}}]},"2":{"type":"branch","line":7,"loc":{"start":{"line":7,"column":9},"end":{"line":9,"column":3}},"locations":[{"start":{"line":7,"column":9},"end":{"line":9,"column":3}}]},"3":{"type":"branch","line":8,"loc":{"start":{"line":8,"column":20},"end":{"line":8,"column":40}},"locations":[{"start":{"line":8,"column":20},"end":{"line":8,"column":40}}]}},"b":{"0":[2],"1":[2],"2":[1],"3":[4]},"fnMap":{"0":{"name":"mapResponseData","decl":{"start":{"line":4,"column":31},"end":{"line":10,"column":2}},"loc":{"start":{"line":4,"column":31},"end":{"line":10,"column":2}},"line":4}},"f":{"0":2}}
,"/Users/grzegorz/Documents/Code/playground/request-wrapper/do-request-with-retry.ts": {"path":"/Users/grzegorz/Documents/Code/playground/request-wrapper/do-request-with-retry.ts","all":false,"statementMap":{"0":{"start":{"line":1,"column":0},"end":{"line":1,"column":50}},"1":{"start":{"line":2,"column":0},"end":{"line":2,"column":0}},"2":{"start":{"line":3,"column":0},"end":{"line":3,"column":50}},"3":{"start":{"line":4,"column":0},"end":{"line":4,"column":59}},"4":{"start":{"line":5,"column":0},"end":{"line":5,"column":0}},"5":{"start":{"line":6,"column":0},"end":{"line":6,"column":21}},"6":{"start":{"line":7,"column":0},"end":{"line":7,"column":81}},"7":{"start":{"line":8,"column":0},"end":{"line":8,"column":6}},"8":{"start":{"line":9,"column":0},"end":{"line":9,"column":0}},"9":{"start":{"line":10,"column":0},"end":{"line":10,"column":23}},"10":{"start":{"line":11,"column":0},"end":{"line":11,"column":5}},"11":{"start":{"line":12,"column":0},"end":{"line":12,"column":0}},"12":{"start":{"line":13,"column":0},"end":{"line":13,"column":42}},"13":{"start":{"line":14,"column":0},"end":{"line":14,"column":81}},"14":{"start":{"line":15,"column":0},"end":{"line":15,"column":2}},"15":{"start":{"line":16,"column":0},"end":{"line":16,"column":0}},"16":{"start":{"line":17,"column":0},"end":{"line":17,"column":100}},"17":{"start":{"line":18,"column":0},"end":{"line":18,"column":0}},"18":{"start":{"line":19,"column":0},"end":{"line":19,"column":33}},"19":{"start":{"line":20,"column":0},"end":{"line":20,"column":72}},"20":{"start":{"line":21,"column":0},"end":{"line":21,"column":41}},"21":{"start":{"line":22,"column":0},"end":{"line":22,"column":46}},"22":{"start":{"line":23,"column":0},"end":{"line":23,"column":29}},"23":{"start":{"line":24,"column":0},"end":{"line":24,"column":28}},"24":{"start":{"line":25,"column":0},"end":{"line":25,"column":0}},"25":{"start":{"line":26,"column":0},"end":{"line":26,"column":69}},"26":{"start":{"line":27,"column":0},"end":{"line":27,"column":22}},"27":{"start":{"line":28,"column":0},"end":{"line":28,"column":31}},"28":{"start":{"line":29,"column":0},"end":{"line":29,"column":25}},"29":{"start":{"line":30,"column":0},"end":{"line":30,"column":31}},"30":{"start":{"line":31,"column":0},"end":{"line":31,"column":93}},"31":{"start":{"line":32,"column":0},"end":{"line":32,"column":52}},"32":{"start":{"line":33,"column":0},"end":{"line":33,"column":16}},"33":{"start":{"line":34,"column":0},"end":{"line":34,"column":32}},"34":{"start":{"line":35,"column":0},"end":{"line":35,"column":44}},"35":{"start":{"line":36,"column":0},"end":{"line":36,"column":40}},"36":{"start":{"line":37,"column":0},"end":{"line":37,"column":18}},"37":{"start":{"line":38,"column":0},"end":{"line":38,"column":24}},"38":{"start":{"line":39,"column":0},"end":{"line":39,"column":11}},"39":{"start":{"line":40,"column":0},"end":{"line":40,"column":9}},"40":{"start":{"line":41,"column":0},"end":{"line":41,"column":9}},"41":{"start":{"line":42,"column":0},"end":{"line":42,"column":4}},"42":{"start":{"line":43,"column":0},"end":{"line":43,"column":0}},"43":{"start":{"line":44,"column":0},"end":{"line":44,"column":22}},"44":{"start":{"line":45,"column":0},"end":{"line":45,"column":2}},"45":{"start":{"line":46,"column":0},"end":{"line":46,"column":0}},"46":{"start":{"line":47,"column":0},"end":{"line":47,"column":13}},"47":{"start":{"line":48,"column":0},"end":{"line":48,"column":100}},"48":{"start":{"line":49,"column":0},"end":{"line":49,"column":23}},"49":{"start":{"line":50,"column":0},"end":{"line":50,"column":4}},"50":{"start":{"line":51,"column":0},"end":{"line":51,"column":22}},"51":{"start":{"line":52,"column":0},"end":{"line":52,"column":10}},"52":{"start":{"line":53,"column":0},"end":{"line":53,"column":35}},"53":{"start":{"line":54,"column":0},"end":{"line":54,"column":21}},"54":{"start":{"line":55,"column":0},"end":{"line":55,"column":86}},"55":{"start":{"line":56,"column":0},"end":{"line":56,"column":19}},"56":{"start":{"line":57,"column":0},"end":{"line":57,"column":6}},"57":{"start":{"line":58,"column":0},"end":{"line":58,"column":5}},"58":{"start":{"line":59,"column":0},"end":{"line":59,"column":22}},"59":{"start":{"line":60,"column":0},"end":{"line":60,"column":63}},"60":{"start":{"line":61,"column":0},"end":{"line":61,"column":5}}},"s":{"0":1,"1":1,"2":1,"3":1,"4":1,"5":1,"6":1,"7":1,"8":1,"9":1,"10":1,"11":1,"12":1,"13":3,"14":3,"15":1,"16":1,"17":1,"18":1,"19":6,"20":6,"21":6,"22":6,"23":6,"24":6,"25":6,"26":12,"27":12,"28":12,"29":9,"30":6,"31":6,"32":9,"33":3,"34":3,"35":3,"36":3,"37":0,"38":0,"39":3,"40":12,"41":6,"42":6,"43":6,"44":6,"45":1,"46":1,"47":1,"48":1,"49":1,"50":1,"51":1,"52":1,"53":1,"54":1,"55":1,"56":1,"57":1,"58":1,"59":1,"60":1},"branchMap":{"0":{"type":"branch","line":13,"loc":{"start":{"line":13,"column":23},"end":{"line":15,"column":2}},"locations":[{"start":{"line":13,"column":23},"end":{"line":15,"column":2}}]},"1":{"type":"branch","line":14,"loc":{"start":{"line":14,"column":72},"end":{"line":14,"column":79}},"locations":[{"start":{"line":14,"column":72},"end":{"line":14,"column":79}}]},"2":{"type":"branch","line":17,"loc":{"start":{"line":17,"column":14},"end":{"line":17,"column":99}},"locations":[{"start":{"line":17,"column":14},"end":{"line":17,"column":99}}]},"3":{"type":"branch","line":17,"loc":{"start":{"line":17,"column":52},"end":{"line":17,"column":98}},"locations":[{"start":{"line":17,"column":52},"end":{"line":17,"column":98}}]},"4":{"type":"branch","line":20,"loc":{"start":{"line":20,"column":0},"end":{"line":45,"column":2}},"locations":[{"start":{"line":20,"column":0},"end":{"line":45,"column":2}}]},"5":{"type":"branch","line":26,"loc":{"start":{"line":26,"column":21},"end":{"line":42,"column":3}},"locations":[{"start":{"line":26,"column":21},"end":{"line":42,"column":3}}]},"6":{"type":"branch","line":28,"loc":{"start":{"line":28,"column":12},"end":{"line":28,"column":30}},"locations":[{"start":{"line":28,"column":12},"end":{"line":28,"column":30}}]},"7":{"type":"branch","line":29,"loc":{"start":{"line":29,"column":13},"end":{"line":41,"column":7}},"locations":[{"start":{"line":29,"column":13},"end":{"line":41,"column":7}}]},"8":{"type":"branch","line":30,"loc":{"start":{"line":30,"column":30},"end":{"line":33,"column":9}},"locations":[{"start":{"line":30,"column":30},"end":{"line":33,"column":9}}]},"9":{"type":"branch","line":33,"loc":{"start":{"line":33,"column":9},"end":{"line":40,"column":9}},"locations":[{"start":{"line":33,"column":9},"end":{"line":40,"column":9}}]},"10":{"type":"branch","line":37,"loc":{"start":{"line":37,"column":11},"end":{"line":39,"column":11}},"locations":[{"start":{"line":37,"column":11},"end":{"line":39,"column":11}}]}},"b":{"0":[3],"1":[0],"2":[6],"3":[6],"4":[6],"5":[12],"6":[3],"7":[9],"8":[6],"9":[3],"10":[0]},"fnMap":{"0":{"name":"onNetworkError","decl":{"start":{"line":13,"column":23},"end":{"line":15,"column":2}},"loc":{"start":{"line":13,"column":23},"end":{"line":15,"column":2}},"line":13},"1":{"name":"pause","decl":{"start":{"line":17,"column":14},"end":{"line":17,"column":99}},"loc":{"start":{"line":17,"column":14},"end":{"line":17,"column":99}},"line":17},"2":{"name":"doRequestWithRetry","decl":{"start":{"line":20,"column":0},"end":{"line":45,"column":2}},"loc":{"start":{"line":20,"column":0},"end":{"line":45,"column":2}},"line":20},"3":{"name":"tryRequest","decl":{"start":{"line":26,"column":21},"end":{"line":42,"column":3}},"loc":{"start":{"line":26,"column":21},"end":{"line":42,"column":3}},"line":26}},"f":{"0":3,"1":6,"2":6,"3":12}}
,"/Users/grzegorz/Documents/Code/playground/request-wrapper/request-wrapper.ts": {"path":"/Users/grzegorz/Documents/Code/playground/request-wrapper/request-wrapper.ts","all":false,"statementMap":{"0":{"start":{"line":1,"column":0},"end":{"line":1,"column":50}},"1":{"start":{"line":2,"column":0},"end":{"line":2,"column":0}},"2":{"start":{"line":3,"column":0},"end":{"line":3,"column":50}},"3":{"start":{"line":4,"column":0},"end":{"line":4,"column":59}},"4":{"start":{"line":5,"column":0},"end":{"line":5,"column":0}},"5":{"start":{"line":6,"column":0},"end":{"line":6,"column":21}},"6":{"start":{"line":7,"column":0},"end":{"line":7,"column":81}},"7":{"start":{"line":8,"column":0},"end":{"line":8,"column":6}},"8":{"start":{"line":9,"column":0},"end":{"line":9,"column":0}},"9":{"start":{"line":10,"column":0},"end":{"line":10,"column":23}},"10":{"start":{"line":11,"column":0},"end":{"line":11,"column":5}},"11":{"start":{"line":12,"column":0},"end":{"line":12,"column":0}},"12":{"start":{"line":13,"column":0},"end":{"line":13,"column":42}},"13":{"start":{"line":14,"column":0},"end":{"line":14,"column":81}},"14":{"start":{"line":15,"column":0},"end":{"line":15,"column":2}},"15":{"start":{"line":16,"column":0},"end":{"line":16,"column":0}},"16":{"start":{"line":17,"column":0},"end":{"line":17,"column":100}},"17":{"start":{"line":18,"column":0},"end":{"line":18,"column":0}},"18":{"start":{"line":19,"column":0},"end":{"line":19,"column":33}},"19":{"start":{"line":20,"column":0},"end":{"line":20,"column":72}},"20":{"start":{"line":21,"column":0},"end":{"line":21,"column":41}},"21":{"start":{"line":22,"column":0},"end":{"line":22,"column":46}},"22":{"start":{"line":23,"column":0},"end":{"line":23,"column":29}},"23":{"start":{"line":24,"column":0},"end":{"line":24,"column":28}},"24":{"start":{"line":25,"column":0},"end":{"line":25,"column":0}},"25":{"start":{"line":26,"column":0},"end":{"line":26,"column":69}},"26":{"start":{"line":27,"column":0},"end":{"line":27,"column":22}},"27":{"start":{"line":28,"column":0},"end":{"line":28,"column":31}},"28":{"start":{"line":29,"column":0},"end":{"line":29,"column":25}},"29":{"start":{"line":30,"column":0},"end":{"line":30,"column":31}},"30":{"start":{"line":31,"column":0},"end":{"line":31,"column":93}},"31":{"start":{"line":32,"column":0},"end":{"line":32,"column":52}},"32":{"start":{"line":33,"column":0},"end":{"line":33,"column":16}},"33":{"start":{"line":34,"column":0},"end":{"line":34,"column":32}},"34":{"start":{"line":35,"column":0},"end":{"line":35,"column":44}},"35":{"start":{"line":36,"column":0},"end":{"line":36,"column":40}},"36":{"start":{"line":37,"column":0},"end":{"line":37,"column":18}},"37":{"start":{"line":38,"column":0},"end":{"line":38,"column":24}},"38":{"start":{"line":39,"column":0},"end":{"line":39,"column":11}},"39":{"start":{"line":40,"column":0},"end":{"line":40,"column":9}},"40":{"start":{"line":41,"column":0},"end":{"line":41,"column":9}},"41":{"start":{"line":42,"column":0},"end":{"line":42,"column":4}},"42":{"start":{"line":43,"column":0},"end":{"line":43,"column":0}},"43":{"start":{"line":44,"column":0},"end":{"line":44,"column":22}},"44":{"start":{"line":45,"column":0},"end":{"line":45,"column":2}},"45":{"start":{"line":46,"column":0},"end":{"line":46,"column":0}},"46":{"start":{"line":47,"column":0},"end":{"line":47,"column":13}},"47":{"start":{"line":48,"column":0},"end":{"line":48,"column":100}},"48":{"start":{"line":49,"column":0},"end":{"line":49,"column":23}},"49":{"start":{"line":50,"column":0},"end":{"line":50,"column":4}},"50":{"start":{"line":51,"column":0},"end":{"line":51,"column":22}},"51":{"start":{"line":52,"column":0},"end":{"line":52,"column":10}},"52":{"start":{"line":53,"column":0},"end":{"line":53,"column":35}},"53":{"start":{"line":54,"column":0},"end":{"line":54,"column":21}},"54":{"start":{"line":55,"column":0},"end":{"line":55,"column":86}},"55":{"start":{"line":56,"column":0},"end":{"line":56,"column":19}},"56":{"start":{"line":57,"column":0},"end":{"line":57,"column":6}},"57":{"start":{"line":58,"column":0},"end":{"line":58,"column":5}},"58":{"start":{"line":59,"column":0},"end":{"line":59,"column":22}},"59":{"start":{"line":60,"column":0},"end":{"line":60,"column":63}},"60":{"start":{"line":61,"column":0},"end":{"line":61,"column":5}}},"s":{"0":1,"1":1,"2":1,"3":1,"4":1,"5":1,"6":1,"7":1,"8":1,"9":1,"10":1,"11":1,"12":1,"13":4,"14":4,"15":1,"16":1,"17":1,"18":1,"19":5,"20":5,"21":5,"22":5,"23":5,"24":5,"25":5,"26":10,"27":10,"28":10,"29":9,"30":5,"31":5,"32":9,"33":4,"34":4,"35":4,"36":4,"37":0,"38":0,"39":4,"40":10,"41":5,"42":5,"43":5,"44":5,"45":1,"46":1,"47":1,"48":1,"49":1,"50":1,"51":1,"52":1,"53":1,"54":1,"55":1,"56":1,"57":1,"58":1,"59":1,"60":1},"branchMap":{"0":{"type":"branch","line":13,"loc":{"start":{"line":13,"column":23},"end":{"line":15,"column":2}},"locations":[{"start":{"line":13,"column":23},"end":{"line":15,"column":2}}]},"1":{"type":"branch","line":14,"loc":{"start":{"line":14,"column":72},"end":{"line":14,"column":79}},"locations":[{"start":{"line":14,"column":72},"end":{"line":14,"column":79}}]},"2":{"type":"branch","line":17,"loc":{"start":{"line":17,"column":14},"end":{"line":17,"column":99}},"locations":[{"start":{"line":17,"column":14},"end":{"line":17,"column":99}}]},"3":{"type":"branch","line":17,"loc":{"start":{"line":17,"column":52},"end":{"line":17,"column":98}},"locations":[{"start":{"line":17,"column":52},"end":{"line":17,"column":98}}]},"4":{"type":"branch","line":20,"loc":{"start":{"line":20,"column":0},"end":{"line":45,"column":2}},"locations":[{"start":{"line":20,"column":0},"end":{"line":45,"column":2}}]},"5":{"type":"branch","line":26,"loc":{"start":{"line":26,"column":21},"end":{"line":42,"column":3}},"locations":[{"start":{"line":26,"column":21},"end":{"line":42,"column":3}}]},"6":{"type":"branch","line":28,"loc":{"start":{"line":28,"column":12},"end":{"line":28,"column":30}},"locations":[{"start":{"line":28,"column":12},"end":{"line":28,"column":30}}]},"7":{"type":"branch","line":29,"loc":{"start":{"line":29,"column":13},"end":{"line":41,"column":7}},"locations":[{"start":{"line":29,"column":13},"end":{"line":41,"column":7}}]},"8":{"type":"branch","line":30,"loc":{"start":{"line":30,"column":30},"end":{"line":33,"column":9}},"locations":[{"start":{"line":30,"column":30},"end":{"line":33,"column":9}}]},"9":{"type":"branch","line":33,"loc":{"start":{"line":33,"column":9},"end":{"line":40,"column":9}},"locations":[{"start":{"line":33,"column":9},"end":{"line":40,"column":9}}]},"10":{"type":"branch","line":37,"loc":{"start":{"line":37,"column":11},"end":{"line":39,"column":11}},"locations":[{"start":{"line":37,"column":11},"end":{"line":39,"column":11}}]}},"b":{"0":[4],"1":[0],"2":[5],"3":[5],"4":[5],"5":[10],"6":[1],"7":[9],"8":[5],"9":[4],"10":[0]},"fnMap":{"0":{"name":"onNetworkError","decl":{"start":{"line":13,"column":23},"end":{"line":15,"column":2}},"loc":{"start":{"line":13,"column":23},"end":{"line":15,"column":2}},"line":13},"1":{"name":"pause","decl":{"start":{"line":17,"column":14},"end":{"line":17,"column":99}},"loc":{"start":{"line":17,"column":14},"end":{"line":17,"column":99}},"line":17},"2":{"name":"doRequestWithRetry","decl":{"start":{"line":20,"column":0},"end":{"line":45,"column":2}},"loc":{"start":{"line":20,"column":0},"end":{"line":45,"column":2}},"line":20},"3":{"name":"tryRequest","decl":{"start":{"line":26,"column":21},"end":{"line":42,"column":3}},"loc":{"start":{"line":26,"column":21},"end":{"line":42,"column":3}},"line":26}},"f":{"0":4,"1":5,"2":5,"3":10}}
,"/Users/grzegorz/Documents/Code/playground/request-wrapper/service-axios.ts": {"path":"/Users/grzegorz/Documents/Code/playground/request-wrapper/service-axios.ts","all":false,"statementMap":{"0":{"start":{"line":1,"column":0},"end":{"line":1,"column":57}},"1":{"start":{"line":2,"column":0},"end":{"line":2,"column":0}},"2":{"start":{"line":3,"column":0},"end":{"line":3,"column":20}},"3":{"start":{"line":4,"column":0},"end":{"line":4,"column":41}},"4":{"start":{"line":5,"column":0},"end":{"line":5,"column":53}},"5":{"start":{"line":6,"column":0},"end":{"line":6,"column":29}},"6":{"start":{"line":7,"column":0},"end":{"line":7,"column":4}},"7":{"start":{"line":8,"column":0},"end":{"line":8,"column":0}},"8":{"start":{"line":9,"column":0},"end":{"line":9,"column":43}},"9":{"start":{"line":10,"column":0},"end":{"line":10,"column":34}},"10":{"start":{"line":11,"column":0},"end":{"line":11,"column":3}},"11":{"start":{"line":12,"column":0},"end":{"line":12,"column":0}},"12":{"start":{"line":13,"column":0},"end":{"line":13,"column":58}},"13":{"start":{"line":14,"column":0},"end":{"line":14,"column":29}},"14":{"start":{"line":15,"column":0},"end":{"line":15,"column":10}},"15":{"start":{"line":16,"column":0},"end":{"line":16,"column":7}},"16":{"start":{"line":17,"column":0},"end":{"line":17,"column":19}},"17":{"start":{"line":18,"column":0},"end":{"line":18,"column":18}},"18":{"start":{"line":19,"column":0},"end":{"line":19,"column":33}},"19":{"start":{"line":20,"column":0},"end":{"line":20,"column":30}},"20":{"start":{"line":21,"column":0},"end":{"line":21,"column":10}},"21":{"start":{"line":22,"column":0},"end":{"line":22,"column":8}},"22":{"start":{"line":23,"column":0},"end":{"line":23,"column":6}},"23":{"start":{"line":24,"column":0},"end":{"line":24,"column":4}},"24":{"start":{"line":25,"column":0},"end":{"line":25,"column":1}},"25":{"start":{"line":26,"column":0},"end":{"line":26,"column":0}},"26":{"start":{"line":27,"column":0},"end":{"line":27,"column":39}},"27":{"start":{"line":28,"column":0},"end":{"line":28,"column":47}},"28":{"start":{"line":29,"column":0},"end":{"line":29,"column":0}},"29":{"start":{"line":30,"column":0},"end":{"line":30,"column":27}},"30":{"start":{"line":31,"column":0},"end":{"line":31,"column":46}},"31":{"start":{"line":32,"column":0},"end":{"line":32,"column":5}},"32":{"start":{"line":33,"column":0},"end":{"line":33,"column":0}},"33":{"start":{"line":34,"column":0},"end":{"line":34,"column":46}},"34":{"start":{"line":35,"column":0},"end":{"line":35,"column":56}},"35":{"start":{"line":36,"column":0},"end":{"line":36,"column":0}},"36":{"start":{"line":37,"column":0},"end":{"line":37,"column":46}},"37":{"start":{"line":38,"column":0},"end":{"line":38,"column":56}}},"s":{"0":1,"1":1,"2":1,"3":1,"4":1,"5":1,"6":1,"7":1,"8":1,"9":3,"10":3,"11":1,"12":1,"13":22,"14":22,"15":22,"16":22,"17":22,"18":22,"19":22,"20":22,"21":22,"22":22,"23":1,"24":1,"25":1,"26":1,"27":3,"28":3,"29":3,"30":3,"31":1,"32":1,"33":1,"34":1,"35":1,"36":1,"37":1},"branchMap":{"0":{"type":"branch","line":9,"loc":{"start":{"line":9,"column":2},"end":{"line":11,"column":3}},"locations":[{"start":{"line":9,"column":2},"end":{"line":11,"column":3}}]},"1":{"type":"branch","line":13,"loc":{"start":{"line":13,"column":34},"end":{"line":24,"column":3}},"locations":[{"start":{"line":13,"column":34},"end":{"line":24,"column":3}}]},"2":{"type":"branch","line":20,"loc":{"start":{"line":20,"column":20},"end":{"line":20,"column":22}},"locations":[{"start":{"line":20,"column":20},"end":{"line":20,"column":22}}]},"3":{"type":"branch","line":27,"loc":{"start":{"line":27,"column":32},"end":{"line":32,"column":2}},"locations":[{"start":{"line":27,"column":32},"end":{"line":32,"column":2}}]},"4":{"type":"branch","line":30,"loc":{"start":{"line":30,"column":9},"end":{"line":31,"column":45}},"locations":[{"start":{"line":30,"column":9},"end":{"line":31,"column":45}}]},"5":{"type":"branch","line":31,"loc":{"start":{"line":31,"column":5},"end":{"line":31,"column":45}},"locations":[{"start":{"line":31,"column":5},"end":{"line":31,"column":45}}]}},"b":{"0":[3],"1":[22],"2":[0],"3":[3],"4":[22],"5":[3]},"fnMap":{"0":{"name":"ServiceAxios","decl":{"start":{"line":9,"column":2},"end":{"line":11,"column":3}},"loc":{"start":{"line":9,"column":2},"end":{"line":11,"column":3}},"line":9},"1":{"name":"ServiceAxios.get","decl":{"start":{"line":13,"column":34},"end":{"line":24,"column":3}},"loc":{"start":{"line":13,"column":34},"end":{"line":24,"column":3}},"line":13}},"f":{"0":3,"1":22}}
,"/Users/grzegorz/Documents/Code/playground/request-wrapper/mocks/handlers.ts": {"path":"/Users/grzegorz/Documents/Code/playground/request-wrapper/mocks/handlers.ts","all":false,"statementMap":{"0":{"start":{"line":1,"column":0},"end":{"line":1,"column":41}},"1":{"start":{"line":2,"column":0},"end":{"line":2,"column":46}},"2":{"start":{"line":3,"column":0},"end":{"line":3,"column":0}},"3":{"start":{"line":4,"column":0},"end":{"line":4,"column":25}},"4":{"start":{"line":5,"column":0},"end":{"line":5,"column":64}},"5":{"start":{"line":6,"column":0},"end":{"line":6,"column":29}},"6":{"start":{"line":7,"column":0},"end":{"line":7,"column":20}},"7":{"start":{"line":8,"column":0},"end":{"line":8,"column":22}},"8":{"start":{"line":9,"column":0},"end":{"line":9,"column":6}},"9":{"start":{"line":10,"column":0},"end":{"line":10,"column":5}},"10":{"start":{"line":11,"column":0},"end":{"line":11,"column":2}}},"s":{"0":1,"1":1,"2":1,"3":1,"4":1,"5":4,"6":4,"7":4,"8":4,"9":1,"10":1},"branchMap":{"0":{"type":"branch","line":5,"loc":{"start":{"line":5,"column":57},"end":{"line":10,"column":3}},"locations":[{"start":{"line":5,"column":57},"end":{"line":10,"column":3}}]}},"b":{"0":[4]},"fnMap":{},"f":{}}
,"/Users/grzegorz/Documents/Code/playground/request-wrapper/mocks/happy-path-data.ts": {"path":"/Users/grzegorz/Documents/Code/playground/request-wrapper/mocks/happy-path-data.ts","all":false,"statementMap":{"0":{"start":{"line":1,"column":0},"end":{"line":1,"column":16}},"1":{"start":{"line":2,"column":0},"end":{"line":2,"column":3}},"2":{"start":{"line":3,"column":0},"end":{"line":3,"column":16}},"3":{"start":{"line":4,"column":0},"end":{"line":4,"column":12}},"4":{"start":{"line":5,"column":0},"end":{"line":5,"column":34}},"5":{"start":{"line":6,"column":0},"end":{"line":6,"column":23}},"6":{"start":{"line":7,"column":0},"end":{"line":7,"column":4}},"7":{"start":{"line":8,"column":0},"end":{"line":8,"column":3}},"8":{"start":{"line":9,"column":0},"end":{"line":9,"column":16}},"9":{"start":{"line":10,"column":0},"end":{"line":10,"column":12}},"10":{"start":{"line":11,"column":0},"end":{"line":11,"column":50}},"11":{"start":{"line":12,"column":0},"end":{"line":12,"column":23}},"12":{"start":{"line":13,"column":0},"end":{"line":13,"column":4}},"13":{"start":{"line":14,"column":0},"end":{"line":14,"column":3}},"14":{"start":{"line":15,"column":0},"end":{"line":15,"column":16}},"15":{"start":{"line":16,"column":0},"end":{"line":16,"column":12}},"16":{"start":{"line":17,"column":0},"end":{"line":17,"column":35}},"17":{"start":{"line":18,"column":0},"end":{"line":18,"column":23}},"18":{"start":{"line":19,"column":0},"end":{"line":19,"column":4}},"19":{"start":{"line":20,"column":0},"end":{"line":20,"column":3}},"20":{"start":{"line":21,"column":0},"end":{"line":21,"column":16}},"21":{"start":{"line":22,"column":0},"end":{"line":22,"column":12}},"22":{"start":{"line":23,"column":0},"end":{"line":23,"column":32}},"23":{"start":{"line":24,"column":0},"end":{"line":24,"column":22}},"24":{"start":{"line":25,"column":0},"end":{"line":25,"column":4}},"25":{"start":{"line":26,"column":0},"end":{"line":26,"column":2}}},"s":{"0":1,"1":1,"2":1,"3":1,"4":1,"5":1,"6":1,"7":1,"8":1,"9":1,"10":1,"11":1,"12":1,"13":1,"14":1,"15":1,"16":1,"17":1,"18":1,"19":1,"20":1,"21":1,"22":1,"23":1,"24":1,"25":1},"branchMap":{},"b":{},"fnMap":{},"f":{}}
,"/Users/grzegorz/Documents/Code/playground/request-wrapper/mocks/node.ts": {"path":"/Users/grzegorz/Documents/Code/playground/request-wrapper/mocks/node.ts","all":false,"statementMap":{"0":{"start":{"line":1,"column":0},"end":{"line":1,"column":39}},"1":{"start":{"line":2,"column":0},"end":{"line":2,"column":38}},"2":{"start":{"line":3,"column":0},"end":{"line":3,"column":0}},"3":{"start":{"line":4,"column":0},"end":{"line":4,"column":47}}},"s":{"0":1,"1":1,"2":1,"3":1},"branchMap":{},"b":{},"fnMap":{},"f":{}}
}
