TN:
SF:axios-decorate.ts
FN:9,ServiceAxios
FN:13,ServiceAxios.get
FNF:2
FNH:2
FNDA:1,ServiceAxios
FNDA:8,ServiceAxios.get
DA:1,1
DA:2,1
DA:3,1
DA:4,1
DA:5,1
DA:6,1
DA:7,1
DA:8,1
DA:9,1
DA:10,1
DA:11,1
DA:12,1
DA:13,1
DA:14,8
DA:15,8
DA:16,8
DA:17,8
DA:18,8
DA:19,8
DA:20,8
DA:21,8
DA:22,8
DA:23,8
DA:24,1
DA:25,1
DA:26,1
DA:27,1
DA:28,1
DA:29,1
DA:30,1
DA:31,1
DA:32,1
DA:33,1
DA:34,1
DA:35,1
DA:36,1
DA:37,1
DA:38,1
LF:38
LH:38
BRDA:9,0,0,1
BRDA:13,1,0,8
BRDA:20,2,0,0
BRDA:27,3,0,1
BRDA:30,4,0,8
BRDA:31,5,0,1
BRF:6
BRH:5
end_of_record
TN:
SF:may-throw-wrapper.ts
FN:4,roulette
FN:14,onNetworkError
FN:18,pause
FN:21,doRequest
FN:27,tryRequest
FNF:5
FNH:4
FNDA:0,roulette
FNDA:2,onNetworkError
FNDA:5,pause
FNDA:3,doRequest
FNDA:8,tryRequest
DA:1,1
DA:2,1
DA:3,1
DA:4,1
DA:5,0
DA:6,0
DA:7,0
DA:8,0
DA:9,0
DA:10,0
DA:11,0
DA:12,0
DA:13,1
DA:14,1
DA:15,2
DA:16,2
DA:17,1
DA:18,1
DA:19,1
DA:20,1
DA:21,3
DA:22,3
DA:23,3
DA:24,3
DA:25,3
DA:26,3
DA:27,3
DA:28,8
DA:29,8
DA:30,8
DA:31,7
DA:32,5
DA:33,5
DA:34,7
DA:35,2
DA:36,2
DA:37,2
DA:38,2
DA:39,0
DA:40,0
DA:41,2
DA:42,8
DA:43,3
DA:44,3
DA:45,3
DA:46,3
DA:47,1
DA:48,1
DA:49,1
DA:50,1
DA:51,1
DA:52,1
DA:53,1
DA:54,1
DA:55,1
DA:56,1
DA:57,1
DA:58,1
DA:59,1
DA:60,1
DA:61,1
DA:62,1
LF:62
LH:52
BRDA:14,0,0,2
BRDA:15,1,0,0
BRDA:18,2,0,5
BRDA:18,3,0,5
BRDA:21,4,0,3
BRDA:27,5,0,8
BRDA:29,6,0,1
BRDA:30,7,0,7
BRDA:31,8,0,5
BRDA:34,9,0,2
BRDA:38,10,0,0
BRF:11
BRH:9
end_of_record
