TN:
SF:abstract-api.ts
FN:4,mapResponseData
FNF:1
FNH:1
FNDA:2,mapResponseData
DA:1,1
DA:2,1
DA:3,1
DA:4,1
DA:5,2
DA:6,2
DA:7,2
DA:8,1
DA:9,2
DA:10,2
LF:10
LH:10
BRDA:4,0,0,2
BRDA:6,1,0,2
BRDA:7,2,0,1
BRDA:8,3,0,4
BRF:4
BRH:4
end_of_record
TN:
SF:do-request-with-retry.ts
FN:3,onNetworkError
FN:7,pause
FN:10,doRequestWithRetry
FN:16,tryRequest
FNF:4
FNH:4
FNDA:3,onNetworkError
FNDA:6,pause
FNDA:6,doRequestWithRetry
FNDA:12,tryRequest
DA:1,1
DA:2,1
DA:3,1
DA:4,3
DA:5,3
DA:6,1
DA:7,1
DA:8,1
DA:9,1
DA:10,6
DA:11,6
DA:12,6
DA:13,6
DA:14,6
DA:15,6
DA:16,6
DA:17,12
DA:18,12
DA:19,12
DA:20,9
DA:21,6
DA:22,6
DA:23,9
DA:24,3
DA:25,3
DA:26,3
DA:27,3
DA:28,0
DA:29,0
DA:30,3
DA:31,12
DA:32,6
DA:33,6
DA:34,6
DA:35,6
LF:35
LH:33
BRDA:3,0,0,3
BRDA:4,1,0,0
BRDA:7,2,0,6
BRDA:7,3,0,6
BRDA:10,4,0,6
BRDA:16,5,0,12
BRDA:18,6,0,3
BRDA:19,7,0,9
BRDA:20,8,0,6
BRDA:23,9,0,3
BRDA:27,10,0,0
BRF:11
BRH:9
end_of_record
TN:
SF:request-wrapper.ts
FN:13,onNetworkError
FN:17,pause
FN:20,doRequestWithRetry
FN:26,tryRequest
FNF:4
FNH:4
FNDA:4,onNetworkError
FNDA:5,pause
FNDA:5,doRequestWithRetry
FNDA:10,tryRequest
DA:1,1
DA:2,1
DA:3,1
DA:4,1
DA:5,1
DA:6,1
DA:7,1
DA:8,1
DA:9,1
DA:10,1
DA:11,1
DA:12,1
DA:13,1
DA:14,4
DA:15,4
DA:16,1
DA:17,1
DA:18,1
DA:19,1
DA:20,5
DA:21,5
DA:22,5
DA:23,5
DA:24,5
DA:25,5
DA:26,5
DA:27,10
DA:28,10
DA:29,10
DA:30,9
DA:31,5
DA:32,5
DA:33,9
DA:34,4
DA:35,4
DA:36,4
DA:37,4
DA:38,0
DA:39,0
DA:40,4
DA:41,10
DA:42,5
DA:43,5
DA:44,5
DA:45,5
DA:46,1
DA:47,1
DA:48,1
DA:49,1
DA:50,1
DA:51,1
DA:52,1
DA:53,1
DA:54,1
DA:55,1
DA:56,1
DA:57,1
DA:58,1
DA:59,1
DA:60,1
DA:61,1
LF:61
LH:59
BRDA:13,0,0,4
BRDA:14,1,0,0
BRDA:17,2,0,5
BRDA:17,3,0,5
BRDA:20,4,0,5
BRDA:26,5,0,10
BRDA:28,6,0,1
BRDA:29,7,0,9
BRDA:30,8,0,5
BRDA:33,9,0,4
BRDA:37,10,0,0
BRF:11
BRH:9
end_of_record
TN:
SF:service-axios.ts
FN:9,ServiceAxios
FN:13,ServiceAxios.get
FNF:2
FNH:2
FNDA:3,ServiceAxios
FNDA:20,ServiceAxios.get
DA:1,1
DA:2,1
DA:3,1
DA:4,1
DA:5,1
DA:6,1
DA:7,1
DA:8,1
DA:9,1
DA:10,3
DA:11,3
DA:12,1
DA:13,1
DA:14,20
DA:15,20
DA:16,20
DA:17,20
DA:18,20
DA:19,20
DA:20,20
DA:21,20
DA:22,20
DA:23,20
DA:24,1
DA:25,1
DA:26,1
DA:27,1
DA:28,3
DA:29,3
DA:30,3
DA:31,3
DA:32,1
DA:33,1
DA:34,1
DA:35,1
DA:36,1
DA:37,1
DA:38,1
LF:38
LH:38
BRDA:9,0,0,3
BRDA:13,1,0,20
BRDA:20,2,0,0
BRDA:27,3,0,3
BRDA:30,4,0,20
BRDA:31,5,0,3
BRF:6
BRH:5
end_of_record
TN:
SF:mocks/handlers.ts
FNF:0
FNH:0
DA:1,1
DA:2,1
DA:3,1
DA:4,1
DA:5,1
DA:6,3
DA:7,3
DA:8,3
DA:9,3
DA:10,1
DA:11,1
LF:11
LH:11
BRDA:5,0,0,3
BRF:1
BRH:1
end_of_record
TN:
SF:mocks/happy-path-data.ts
FNF:0
FNH:0
DA:1,1
DA:2,1
DA:3,1
DA:4,1
DA:5,1
DA:6,1
DA:7,1
DA:8,1
DA:9,1
DA:10,1
DA:11,1
DA:12,1
DA:13,1
DA:14,1
DA:15,1
DA:16,1
DA:17,1
DA:18,1
DA:19,1
DA:20,1
DA:21,1
DA:22,1
DA:23,1
DA:24,1
DA:25,1
DA:26,1
LF:26
LH:26
BRF:0
BRH:0
end_of_record
TN:
SF:mocks/node.ts
FNF:0
FNH:0
DA:1,1
DA:2,1
DA:3,1
DA:4,1
LF:4
LH:4
BRF:0
BRH:0
end_of_record
